<?xml version="1.0" encoding="UTF-8"?>
<testng-results ignored="0" total="1" passed="1" failed="0" skipped="0">
  <reporter-output>
  </reporter-output>
  <suite started-at="2018-11-30T15:25:55Z" name="Default suite" finished-at="2018-11-30T15:26:40Z" duration-ms="45562">
    <groups>
    </groups>
    <test started-at="2018-11-30T15:25:55Z" name="Default test" finished-at="2018-11-30T15:26:40Z" duration-ms="45562">
      <class name="com.actitime.all_test_scripts.TestScript1">
        <test-method is-config="true" signature="preConfig()[pri:0, instance:com.actitime.all_test_scripts.TestScript1@f2ff811]" started-at="2018-11-30T15:25:55Z" name="preConfig" finished-at="2018-11-30T15:26:32Z" duration-ms="37301" status="PASS">
          <reporter-output>
          </reporter-output>
        </test-method> <!-- preConfig -->
        <test-method signature="testTestscript1()[pri:0, instance:com.actitime.all_test_scripts.TestScript1@f2ff811]" started-at="2018-11-30T15:26:32Z" name="testTestscript1" finished-at="2018-11-30T15:26:37Z" duration-ms="4946" status="PASS">
          <reporter-output>
          </reporter-output>
        </test-method> <!-- testTestscript1 -->
        <test-method is-config="true" signature="postConfig()[pri:0, instance:com.actitime.all_test_scripts.TestScript1@f2ff811]" started-at="2018-11-30T15:26:37Z" name="postConfig" finished-at="2018-11-30T15:26:40Z" duration-ms="3278" status="PASS">
          <reporter-output>
          </reporter-output>
        </test-method> <!-- postConfig -->
      </class> <!-- com.actitime.all_test_scripts.TestScript1 -->
    </test> <!-- Default test -->
  </suite> <!-- Default suite -->
</testng-results>
